<?xml version="1.0" encoding="UTF-8"?>
<testsuite xmlns:xsi="http://www.w3.org/2001/XMLSchema-instance" xsi:noNamespaceSchemaLocation="https://maven.apache.org/surefire/maven-surefire-plugin/xsd/surefire-test-report.xsd" name="TestSuite" time="38.046" tests="1" errors="0" skipped="0" failures="1">
  <properties>
[...]
</properties>
  <testcase name="feature" classname="runners.TestRunner" time="20.541">
    <failure message="org.openqa.selenium.remote.SessionNotFoundException: Session ID is null. Using WebDriver after calling quit()?&#10;Build info: version: &apos;2.45.0&apos;, revision: &apos;5017cb8e7ca8e37638dc3091b2440b90a1d8686f&apos;, time: &apos;2015-02-27 09:10:26&apos;&#10;System info: host: &apos;DESKTOP-L12U9K0&apos;, ip: &apos;192.168.43.91&apos;, os.name: &apos;Windows 10&apos;, os.arch: &apos;amd64&apos;, os.version: &apos;10.0&apos;, java.version: &apos;11.0.1&apos;&#10;Driver info: driver.version: RemoteWebDriver" type="cucumber.runtime.CucumberException">cucumber.runtime.CucumberException: 
org.openqa.selenium.remote.SessionNotFoundException: Session ID is null. Using WebDriver after calling quit()?
Build info: version: '2.45.0', revision: '5017cb8e7ca8e37638dc3091b2440b90a1d8686f', time: '2015-02-27 09:10:26'
System info: host: 'DESKTOP-L12U9K0', ip: '192.168.43.91', os.name: 'Windows 10', os.arch: 'amd64', os.version: '10.0', java.version: '11.0.1'
Driver info: driver.version: RemoteWebDriver
	at runners.TestRunner.feature(TestRunner.java:71)
Caused by: org.openqa.selenium.remote.SessionNotFoundException: 
Session ID is null. Using WebDriver after calling quit()?
Build info: version: '2.45.0', revision: '5017cb8e7ca8e37638dc3091b2440b90a1d8686f', time: '2015-02-27 09:10:26'
System info: host: 'DESKTOP-L12U9K0', ip: '192.168.43.91', os.name: 'Windows 10', os.arch: 'amd64', os.version: '10.0', java.version: '11.0.1'
Driver info: driver.version: RemoteWebDriver
</failure>
    <system-out><![CDATA[@smoke
Feature: Login Feature
D:\Project\Automation\OrangeHRM\src\test\resources\TestData.xls
Login
org.apache.poi.hssf.usermodel.HSSFRow@4519f676
org.apache.poi.hssf.usermodel.HSSFRow@1290ed28

  Scenario: User can able to login with valid login credentials &amp#27;[90m# Login.feature:4&amp#27;[0m
    &amp#27;[32mGiven &amp#27;[0m&amp#27;[32mUser navigates to the website OrangeHRM&amp#27;[0m               &amp#27;[90m# StepDefinitions.user_navigates_to_the_website_OrangeHRM()&amp#27;[0m
    &amp#27;[32mWhen &amp#27;[0m&amp#27;[32mUser enter valid Username and Password&amp#27;[0m                 &amp#27;[90m# StepDefinitions.user_enter_valid_Username_and_Password()&amp#27;[0m
    &amp#27;[32mAnd &amp#27;[0m&amp#27;[32mUser clicks the LOGIN button&amp#27;[0m                            &amp#27;[90m# StepDefinitions.user_clicks_the_LOGIN_button()&amp#27;[0m
    &amp#27;[32mThen &amp#27;[0m&amp#27;[32mUser should be able to redirect to Dashboard page&amp#27;[0m      &amp#27;[90m# StepDefinitions.user_should_be_able_to_redirect_to_Dashboard_page()&amp#27;[0m
    &amp#27;[32mThen &amp#27;[0m&amp#27;[32mClose the browser&amp#27;[0m                                      &amp#27;[90m# StepDefinitions.close_the_browser()&amp#27;[0m

  Scenario: User can unable to login with invalid login credentials &amp#27;[90m# Login.feature:12&amp#27;[0m
    &amp#27;[31mGiven &amp#27;[0m&amp#27;[31mUser navigates to the website OrangeHRM&amp#27;[0m                   &amp#27;[90m# StepDefinitions.user_navigates_to_the_website_OrangeHRM()&amp#27;[0m
      &amp#27;[31morg.openqa.selenium.remote.SessionNotFoundException: Session ID is null. Using WebDriver after calling quit()?
      Build info: version: '2.45.0', revision: '5017cb8e7ca8e37638dc3091b2440b90a1d8686f', time: '2015-02-27 09:10:26'
      System info: host: 'DESKTOP-L12U9K0', ip: '192.168.43.91', os.name: 'Windows 10', os.arch: 'amd64', os.version: '10.0', java.version: '11.0.1'
      Driver info: driver.version: RemoteWebDriver
      	at org.openqa.selenium.remote.HttpCommandExecutor.execute(HttpCommandExecutor.java:125)
      	at org.openqa.selenium.remote.service.DriverCommandExecutor.execute(DriverCommandExecutor.java:66)
      	at org.openqa.selenium.remote.RemoteWebDriver.execute(RemoteWebDriver.java:572)
      	at org.openqa.selenium.remote.RemoteWebDriver.get(RemoteWebDriver.java:304)
      	at StepDefinitions.StepDefinitions.user_navigates_to_the_website_OrangeHRM(StepDefinitions.java:22)
      	at ?.Given User navigates to the website OrangeHRM(Login.feature:14)
      &amp#27;[0m
    &amp#27;[36mWhen &amp#27;[0m&amp#27;[36mUser enter invalid Username and Password&amp#27;[0m                   &amp#27;[90m# StepDefinitions.user_enter_invalid_Username_and_Password()&amp#27;[0m
    &amp#27;[36mAnd &amp#27;[0m&amp#27;[36mUser clicks the LOGIN button&amp#27;[0m                                &amp#27;[90m# StepDefinitions.user_clicks_the_LOGIN_button()&amp#27;[0m
    &amp#27;[36mThen &amp#27;[0m&amp#27;[36mUser should get the error message as "&amp#27;[0m&amp#27;[36m&amp#27;[1mInvalid credentials&amp#27;[0m&amp#27;[36m"&amp#27;[0m &amp#27;[90m# StepDefinitions.user_should_get_the_error_message_as(String)&amp#27;[0m
    &amp#27;[36mAnd &amp#27;[0m&amp#27;[36mUser should not able to redirect to Dashboard page&amp#27;[0m          &amp#27;[90m# StepDefinitions.user_should_not_able_to_redirect_to_Dashboard_page()&amp#27;[0m
    &amp#27;[36mThen &amp#27;[0m&amp#27;[36mClose the browser&amp#27;[0m                                          &amp#27;[90m# StepDefinitions.close_the_browser()&amp#27;[0m
]]></system-out>
    <system-err><![CDATA[log4j:WARN Continuable parsing error 5 and column 84
log4j:WARN Attribute "xmlns:log4j" with value "https://jakarta.apache.org/log4j/" must have a value of "http://jakarta.apache.org/log4j/".
SLF4J: Failed to load class "org.slf4j.impl.StaticLoggerBinder".
SLF4J: Defaulting to no-operation (NOP) logger implementation
SLF4J: See http://www.slf4j.org/codes.html#StaticLoggerBinder for further details.
Starting ChromeDriver 89.0.4389.23 (61b08ee2c50024bab004e48d2b1b083cdbdac579-refs/branch-heads/4389@{#294}) on port 13865
Only local connections are allowed.
Please see https://chromedriver.chromium.org/security-considerations for suggestions on keeping ChromeDriver safe.
ChromeDriver was started successfully.
]]></system-err>
  </testcase>
</testsuite>