<?xml version="1.0" encoding="UTF-8"?>
<testng-results total="1" passed="1" failed="0" skipped="0">
  <reporter-output>
  </reporter-output>
  <suite started-at="2021-04-08T12:23:49Z" name="TestSuite" finished-at="2021-04-08T12:25:01Z" duration-ms="72055">
    <groups>
      <group name="cucumber">
        <method signature="NewTestRunner.feature(cucumber.api.testng.CucumberFeatureWrapper)[pri:0, instance:runners.NewTestRunner@b86de0d]" name="feature" class="runners.NewTestRunner"/>
      </group> <!-- cucumber -->
    </groups>
    <test started-at="2021-04-08T12:23:49Z" name="ChromeTest" finished-at="2021-04-08T12:25:01Z" duration-ms="72055">
      <class name="runners.NewTestRunner">
        <test-method is-config="true" signature="setUpClass(java.lang.String, java.lang.String)[pri:0, instance:runners.NewTestRunner@b86de0d]" started-at="2021-04-08T17:53:49Z" name="setUpClass" finished-at="2021-04-08T17:54:18Z" duration-ms="29054" status="PASS">
          <params>
            <param index="0">
              <value>
                <![CDATA[Chrome]]>
              </value>
            </param>
            <param index="1">
              <value>
                <![CDATA[89.0.4389.114]]>
              </value>
            </param>
          </params>
          <reporter-output>
          </reporter-output>
        </test-method> <!-- setUpClass -->
        <test-method signature="feature(cucumber.api.testng.CucumberFeatureWrapper)[pri:0, instance:runners.NewTestRunner@b86de0d]" started-at="2021-04-08T17:54:19Z" name="feature" description="Runs Cucumber Feature" data-provider="features" finished-at="2021-04-08T17:55:01Z" duration-ms="42052" status="PASS">
          <params>
            <param index="0">
              <value>
                <![CDATA[Login Feature]]>
              </value>
            </param>
          </params>
          <reporter-output>
          </reporter-output>
        </test-method> <!-- feature -->
        <test-method is-config="true" signature="tearDownClass()[pri:0, instance:runners.NewTestRunner@b86de0d]" started-at="2021-04-08T17:55:01Z" name="tearDownClass" finished-at="2021-04-08T17:55:01Z" duration-ms="76" status="PASS">
          <reporter-output>
          </reporter-output>
        </test-method> <!-- tearDownClass -->
      </class> <!-- runners.NewTestRunner -->
    </test> <!-- ChromeTest -->
  </suite> <!-- TestSuite -->
</testng-results>
